2025-04-06 21:53:36,798 - INFO - [main:389] - Starting PI Viewer Application.
2025-04-06 21:53:36,856 - INFO - [main:34] - Configuration loaded successfully from viewer/assets/config.json
2025-04-06 21:53:36,860 - INFO - [main:114] - Status Update: Application ready. Load a PI JSON file or select a template.
2025-04-06 21:53:38,401 - INFO - [main:195] - Processing template selection: A-FACTORY-01.json (templates\A-FACTORY-01.json)
2025-04-06 21:53:38,402 - INFO - [main:209] - --- Starting process_file ---
2025-04-06 21:53:38,402 - INFO - [main:210] -   Target path: templates\A-FACTORY-01.json
2025-04-06 21:53:38,413 - INFO - [main:211] -   Current self.current_file_path: templates\A-FACTORY-01.json
2025-04-06 21:53:38,413 - INFO - [main:114] - Status Update: Loading PI data from: A-FACTORY-01.json...
2025-04-06 21:53:38,420 - INFO - [main:221] - Successfully read JSON data from templates\A-FACTORY-01.json
2025-04-06 21:53:38,420 - INFO - [main:114] - Status Update: Parsing data from A-FACTORY-01.json...
2025-04-06 21:53:38,424 - INFO - [parser:23] - Raw data contains 23 pins, 22 links, 44 routes.
2025-04-06 21:53:38,425 - INFO - [parser:142] - Parsing complete. Found 23 valid pins, 22 valid links, 44 valid routes.
2025-04-06 21:53:38,425 - INFO - [parser:145] - Unknown Commodity IDs: [2272, 2306, 2310, 2400, 2401, 3683]
2025-04-06 21:53:38,425 - INFO - [main:249] - Successfully parsed data for A-FACTORY-01.json
2025-04-06 21:53:38,425 - INFO - [main:259] - Calling refresh_plot (initial render before potential ID resolution).
2025-04-06 21:53:38,425 - INFO - [main:348] - Rendering plot based on self.last_parsed data.
2025-04-06 21:53:38,866 - INFO - [main:273] - Resolving unknown commodities: [2272, 2306, 2310, 2400, 2401, 3683]
2025-04-06 21:53:40,887 - INFO - [main:114] - Status Update: Plot rendered with potential unknown IDs. Please resolve them for A-FACTORY-01.json.
2025-04-06 21:53:40,887 - INFO - [main:305] - Unknown IDs found for A-FACTORY-01.json. Resolution dialogs triggered.
2025-04-06 21:53:40,887 - INFO - [main:310] - --- Finished process_file for A-FACTORY-01.json ---
2025-04-06 21:54:09,936 - INFO - [main:195] - Processing template selection: A-FACTORY-04.json (templates\A-FACTORY-04.json)
2025-04-06 21:54:09,936 - INFO - [main:209] - --- Starting process_file ---
2025-04-06 21:54:09,936 - INFO - [main:210] -   Target path: templates\A-FACTORY-04.json
2025-04-06 21:54:09,936 - INFO - [main:211] -   Current self.current_file_path: templates\A-FACTORY-04.json
2025-04-06 21:54:09,936 - INFO - [main:114] - Status Update: Loading PI data from: A-FACTORY-04.json...
2025-04-06 21:54:10,138 - INFO - [main:221] - Successfully read JSON data from templates\A-FACTORY-04.json
2025-04-06 21:54:10,138 - INFO - [main:114] - Status Update: Parsing data from A-FACTORY-04.json...
2025-04-06 21:54:10,334 - INFO - [parser:23] - Raw data contains 26 pins, 27 links, 70 routes.
2025-04-06 21:54:10,336 - INFO - [parser:142] - Parsing complete. Found 26 valid pins, 27 valid links, 70 valid routes.
2025-04-06 21:54:10,336 - INFO - [parser:144] - Unknown Schematic IDs: [2319, 2328, 2349, 2358, 2367, 2463, 2876, 3691, 3693, 3725, 3828, 9832, 9836]
2025-04-06 21:54:10,336 - INFO - [parser:145] - Unknown Commodity IDs: [2319, 2328, 2349, 2358, 2367, 2390, 2393, 2395, 2398, 2400, 2401, 2463, 2876, 3645, 3683, 3691, 3693, 3725, 3828, 9832, 9836]
2025-04-06 21:54:10,336 - INFO - [main:249] - Successfully parsed data for A-FACTORY-04.json
2025-04-06 21:54:10,336 - INFO - [main:259] - Calling refresh_plot (initial render before potential ID resolution).
2025-04-06 21:54:10,336 - INFO - [main:348] - Rendering plot based on self.last_parsed data.
2025-04-06 21:54:10,843 - INFO - [main:273] - Resolving unknown commodities: [2319, 2328, 2349, 2358, 2367, 2390, 2393, 2395, 2398, 2400, 2401, 2463, 2876, 3645, 3683, 3691, 3693, 3725, 3828, 9832, 9836]
2025-04-06 21:54:15,037 - INFO - [main:294] - Resolving unknown schematics: [2319, 2328, 2349, 2358, 2367, 2463, 2876, 3691, 3693, 3725, 3828, 9832, 9836]
2025-04-06 21:54:16,865 - INFO - [main:114] - Status Update: Plot rendered with potential unknown IDs. Please resolve them for A-FACTORY-04.json.
2025-04-06 21:54:17,121 - INFO - [main:305] - Unknown IDs found for A-FACTORY-04.json. Resolution dialogs triggered.
2025-04-06 21:54:17,121 - INFO - [main:310] - --- Finished process_file for A-FACTORY-04.json ---
2025-04-06 21:55:35,571 - INFO - [main:389] - Starting PI Viewer Application.
2025-04-06 21:55:35,627 - INFO - [main:34] - Configuration loaded successfully from viewer/assets/config.json
2025-04-06 21:55:35,631 - INFO - [main:114] - Status Update: Application ready. Load a PI JSON file or select a template.
2025-04-06 21:55:37,952 - INFO - [main:195] - Processing template selection: A-FACTORY-03.json (templates\A-FACTORY-03.json)
2025-04-06 21:55:37,952 - INFO - [main:209] - --- Starting process_file ---
2025-04-06 21:55:37,952 - INFO - [main:210] -   Target path: templates\A-FACTORY-03.json
2025-04-06 21:55:37,952 - INFO - [main:211] -   Current self.current_file_path: templates\A-FACTORY-03.json
2025-04-06 21:55:37,953 - INFO - [main:114] - Status Update: Loading PI data from: A-FACTORY-03.json...
2025-04-06 21:55:37,959 - INFO - [main:221] - Successfully read JSON data from templates\A-FACTORY-03.json
2025-04-06 21:55:37,959 - INFO - [main:114] - Status Update: Parsing data from A-FACTORY-03.json...
2025-04-06 21:55:37,963 - INFO - [parser:23] - Raw data contains 23 pins, 22 links, 42 routes.
2025-04-06 21:55:37,964 - INFO - [parser:142] - Parsing complete. Found 23 valid pins, 22 valid links, 42 valid routes.
2025-04-06 21:55:37,964 - INFO - [parser:145] - Unknown Commodity IDs: [2267, 2287, 2309, 2390, 2395, 2398]
2025-04-06 21:55:37,964 - INFO - [main:249] - Successfully parsed data for A-FACTORY-03.json
2025-04-06 21:55:37,964 - INFO - [main:259] - Calling refresh_plot (initial render before potential ID resolution).
2025-04-06 21:55:37,965 - INFO - [main:348] - Rendering plot based on self.last_parsed data.
2025-04-06 21:55:38,382 - INFO - [main:273] - Resolving unknown commodities: [2267, 2287, 2309, 2390, 2395, 2398]
2025-04-06 21:55:40,236 - INFO - [main:114] - Status Update: Plot rendered with potential unknown IDs. Please resolve them for A-FACTORY-03.json.
2025-04-06 21:55:40,236 - INFO - [main:305] - Unknown IDs found for A-FACTORY-03.json. Resolution dialogs triggered.
2025-04-06 21:55:40,236 - INFO - [main:310] - --- Finished process_file for A-FACTORY-03.json ---
2025-04-06 21:56:09,983 - INFO - [main:389] - Starting PI Viewer Application.
2025-04-06 21:56:10,037 - INFO - [main:34] - Configuration loaded successfully from viewer/assets/config.json
2025-04-06 21:56:10,041 - INFO - [main:114] - Status Update: Application ready. Load a PI JSON file or select a template.
2025-04-06 21:56:14,071 - INFO - [main:195] - Processing template selection: A-FACTORY-03.json (templates\A-FACTORY-03.json)
2025-04-06 21:56:14,071 - INFO - [main:209] - --- Starting process_file ---
2025-04-06 21:56:14,071 - INFO - [main:210] -   Target path: templates\A-FACTORY-03.json
2025-04-06 21:56:14,071 - INFO - [main:211] -   Current self.current_file_path: templates\A-FACTORY-03.json
2025-04-06 21:56:14,072 - INFO - [main:114] - Status Update: Loading PI data from: A-FACTORY-03.json...
2025-04-06 21:56:14,078 - INFO - [main:221] - Successfully read JSON data from templates\A-FACTORY-03.json
2025-04-06 21:56:14,079 - INFO - [main:114] - Status Update: Parsing data from A-FACTORY-03.json...
2025-04-06 21:56:14,083 - INFO - [parser:23] - Raw data contains 23 pins, 22 links, 42 routes.
2025-04-06 21:56:14,084 - INFO - [parser:142] - Parsing complete. Found 23 valid pins, 22 valid links, 42 valid routes.
2025-04-06 21:56:14,084 - INFO - [parser:145] - Unknown Commodity IDs: [2267, 2287, 2309, 2390, 2395, 2398]
2025-04-06 21:56:14,084 - INFO - [main:249] - Successfully parsed data for A-FACTORY-03.json
2025-04-06 21:56:14,084 - INFO - [main:259] - Calling refresh_plot (initial render before potential ID resolution).
2025-04-06 21:56:14,084 - INFO - [main:348] - Rendering plot based on self.last_parsed data.
2025-04-06 21:56:14,548 - INFO - [main:273] - Resolving unknown commodities: [2267, 2287, 2309, 2390, 2395, 2398]
2025-04-06 21:56:16,731 - INFO - [main:114] - Status Update: Plot rendered with potential unknown IDs. Please resolve them for A-FACTORY-03.json.
2025-04-06 21:56:16,918 - INFO - [main:305] - Unknown IDs found for A-FACTORY-03.json. Resolution dialogs triggered.
2025-04-06 21:56:16,918 - INFO - [main:310] - --- Finished process_file for A-FACTORY-03.json ---
2025-04-06 21:56:51,931 - INFO - [main:389] - Starting PI Viewer Application.
2025-04-06 21:56:51,987 - INFO - [main:34] - Configuration loaded successfully from viewer/assets/config.json
2025-04-06 21:56:51,991 - INFO - [main:114] - Status Update: Application ready. Load a PI JSON file or select a template.
2025-04-06 21:56:53,363 - INFO - [main:195] - Processing template selection: A-FACTORY-02.json (templates\A-FACTORY-02.json)
2025-04-06 21:56:53,363 - INFO - [main:209] - --- Starting process_file ---
2025-04-06 21:56:53,363 - INFO - [main:210] -   Target path: templates\A-FACTORY-02.json
2025-04-06 21:56:53,363 - INFO - [main:211] -   Current self.current_file_path: templates\A-FACTORY-02.json
2025-04-06 21:56:53,364 - INFO - [main:114] - Status Update: Loading PI data from: A-FACTORY-02.json...
2025-04-06 21:56:53,371 - INFO - [main:221] - Successfully read JSON data from templates\A-FACTORY-02.json
2025-04-06 21:56:53,371 - INFO - [main:114] - Status Update: Parsing data from A-FACTORY-02.json...
2025-04-06 21:56:53,376 - INFO - [parser:23] - Raw data contains 23 pins, 22 links, 42 routes.
2025-04-06 21:56:53,377 - INFO - [parser:142] - Parsing complete. Found 23 valid pins, 22 valid links, 42 valid routes.
2025-04-06 21:56:53,377 - INFO - [parser:145] - Unknown Commodity IDs: [2073, 2268, 2288, 2393, 3645]
2025-04-06 21:56:53,377 - INFO - [main:249] - Successfully parsed data for A-FACTORY-02.json
2025-04-06 21:56:53,377 - INFO - [main:259] - Calling refresh_plot (initial render before potential ID resolution).
2025-04-06 21:56:53,377 - INFO - [main:348] - Rendering plot based on self.last_parsed data.
2025-04-06 21:56:53,836 - INFO - [main:273] - Resolving unknown commodities: [2073, 2268, 2288, 2393, 3645]
2025-04-06 21:56:56,285 - INFO - [main:114] - Status Update: Plot rendered with potential unknown IDs. Please resolve them for A-FACTORY-02.json.
2025-04-06 21:56:56,285 - INFO - [main:305] - Unknown IDs found for A-FACTORY-02.json. Resolution dialogs triggered.
2025-04-06 21:56:56,285 - INFO - [main:310] - --- Finished process_file for A-FACTORY-02.json ---
2025-04-06 21:56:59,733 - INFO - [main:195] - Processing template selection: A-FACTORY-01.json (templates\A-FACTORY-01.json)
2025-04-06 21:56:59,733 - INFO - [main:209] - --- Starting process_file ---
2025-04-06 21:56:59,733 - INFO - [main:210] -   Target path: templates\A-FACTORY-01.json
2025-04-06 21:56:59,733 - INFO - [main:211] -   Current self.current_file_path: templates\A-FACTORY-01.json
2025-04-06 21:56:59,733 - INFO - [main:114] - Status Update: Loading PI data from: A-FACTORY-01.json...
2025-04-06 21:56:59,960 - INFO - [main:221] - Successfully read JSON data from templates\A-FACTORY-01.json
2025-04-06 21:56:59,961 - INFO - [main:114] - Status Update: Parsing data from A-FACTORY-01.json...
2025-04-06 21:57:00,200 - INFO - [parser:23] - Raw data contains 23 pins, 22 links, 44 routes.
2025-04-06 21:57:00,201 - INFO - [parser:142] - Parsing complete. Found 23 valid pins, 22 valid links, 44 valid routes.
2025-04-06 21:57:00,201 - INFO - [parser:145] - Unknown Commodity IDs: [2272, 2306, 2310, 2400, 2401, 3683]
2025-04-06 21:57:00,201 - INFO - [main:249] - Successfully parsed data for A-FACTORY-01.json
2025-04-06 21:57:00,201 - INFO - [main:259] - Calling refresh_plot (initial render before potential ID resolution).
2025-04-06 21:57:00,202 - INFO - [main:348] - Rendering plot based on self.last_parsed data.
2025-04-06 21:57:00,682 - INFO - [main:273] - Resolving unknown commodities: [2272, 2306, 2310, 2400, 2401, 3683]
2025-04-06 21:57:03,400 - INFO - [main:114] - Status Update: Plot rendered with potential unknown IDs. Please resolve them for A-FACTORY-01.json.
2025-04-06 21:57:03,596 - INFO - [main:305] - Unknown IDs found for A-FACTORY-01.json. Resolution dialogs triggered.
2025-04-06 21:57:03,596 - INFO - [main:310] - --- Finished process_file for A-FACTORY-01.json ---
2025-04-06 22:08:54,961 - INFO - [main:389] - Starting PI Viewer Application.
2025-04-06 22:08:55,020 - INFO - [main:34] - Configuration loaded successfully from viewer/assets/config.json
2025-04-06 22:08:55,025 - INFO - [main:114] - Status Update: Application ready. Load a PI JSON file or select a template.
2025-04-06 22:08:57,347 - INFO - [main:195] - Processing template selection: A-FACTORY-02.json (templates\A-FACTORY-02.json)
2025-04-06 22:08:57,348 - INFO - [main:209] - --- Starting process_file ---
2025-04-06 22:08:57,348 - INFO - [main:210] -   Target path: templates\A-FACTORY-02.json
2025-04-06 22:08:57,348 - INFO - [main:211] -   Current self.current_file_path: templates\A-FACTORY-02.json
2025-04-06 22:08:57,348 - INFO - [main:114] - Status Update: Loading PI data from: A-FACTORY-02.json...
2025-04-06 22:08:57,354 - INFO - [main:221] - Successfully read JSON data from templates\A-FACTORY-02.json
2025-04-06 22:08:57,354 - INFO - [main:114] - Status Update: Parsing data from A-FACTORY-02.json...
2025-04-06 22:08:57,359 - INFO - [parser:23] - Raw data contains 23 pins, 22 links, 42 routes.
2025-04-06 22:08:57,360 - INFO - [parser:142] - Parsing complete. Found 23 valid pins, 22 valid links, 42 valid routes.
2025-04-06 22:08:57,360 - INFO - [parser:145] - Unknown Commodity IDs: [2073, 2268, 2288, 2393, 3645]
2025-04-06 22:08:57,360 - INFO - [main:249] - Successfully parsed data for A-FACTORY-02.json
2025-04-06 22:08:57,360 - INFO - [main:259] - Calling refresh_plot (initial render before potential ID resolution).
2025-04-06 22:08:57,360 - INFO - [main:348] - Rendering plot based on self.last_parsed data.
2025-04-06 22:08:57,762 - INFO - [main:273] - Resolving unknown commodities: [2073, 2268, 2288, 2393, 3645]
2025-04-06 22:08:59,689 - INFO - [main:114] - Status Update: Plot rendered with potential unknown IDs. Please resolve them for A-FACTORY-02.json.
2025-04-06 22:08:59,689 - INFO - [main:305] - Unknown IDs found for A-FACTORY-02.json. Resolution dialogs triggered.
2025-04-06 22:08:59,689 - INFO - [main:310] - --- Finished process_file for A-FACTORY-02.json ---
2025-04-06 22:10:25,004 - INFO - [main:195] - Processing template selection: A-FACTORY-03.json (templates\A-FACTORY-03.json)
2025-04-06 22:10:25,005 - INFO - [main:209] - --- Starting process_file ---
2025-04-06 22:10:25,005 - INFO - [main:210] -   Target path: templates\A-FACTORY-03.json
2025-04-06 22:10:25,005 - INFO - [main:211] -   Current self.current_file_path: templates\A-FACTORY-03.json
2025-04-06 22:10:25,005 - INFO - [main:114] - Status Update: Loading PI data from: A-FACTORY-03.json...
2025-04-06 22:10:25,150 - INFO - [main:221] - Successfully read JSON data from templates\A-FACTORY-03.json
2025-04-06 22:10:25,150 - INFO - [main:114] - Status Update: Parsing data from A-FACTORY-03.json...
2025-04-06 22:10:25,290 - INFO - [parser:23] - Raw data contains 23 pins, 22 links, 42 routes.
2025-04-06 22:10:25,292 - INFO - [parser:142] - Parsing complete. Found 23 valid pins, 22 valid links, 42 valid routes.
2025-04-06 22:10:25,292 - INFO - [parser:145] - Unknown Commodity IDs: [2267, 2287, 2309, 2390, 2395, 2398]
2025-04-06 22:10:25,292 - INFO - [main:249] - Successfully parsed data for A-FACTORY-03.json
2025-04-06 22:10:25,292 - INFO - [main:259] - Calling refresh_plot (initial render before potential ID resolution).
2025-04-06 22:10:25,292 - INFO - [main:348] - Rendering plot based on self.last_parsed data.
2025-04-06 22:10:25,633 - INFO - [main:273] - Resolving unknown commodities: [2267, 2287, 2309, 2390, 2395, 2398]
2025-04-06 22:10:31,826 - INFO - [main:114] - Status Update: Plot rendered with potential unknown IDs. Please resolve them for A-FACTORY-03.json.
2025-04-06 22:10:31,963 - INFO - [main:305] - Unknown IDs found for A-FACTORY-03.json. Resolution dialogs triggered.
2025-04-06 22:10:31,963 - INFO - [main:310] - --- Finished process_file for A-FACTORY-03.json ---
2025-04-06 22:12:15,702 - INFO - [main:389] - Starting PI Viewer Application.
2025-04-06 22:12:15,758 - INFO - [main:34] - Configuration loaded successfully from viewer/assets/config.json
2025-04-06 22:12:15,762 - INFO - [main:114] - Status Update: Application ready. Load a PI JSON file or select a template.
2025-04-06 22:12:21,085 - INFO - [main:195] - Processing template selection: A-FACTORY-01.json (templates\A-FACTORY-01.json)
2025-04-06 22:12:21,086 - INFO - [main:209] - --- Starting process_file ---
2025-04-06 22:12:21,086 - INFO - [main:210] -   Target path: templates\A-FACTORY-01.json
2025-04-06 22:12:21,086 - INFO - [main:211] -   Current self.current_file_path: templates\A-FACTORY-01.json
2025-04-06 22:12:21,086 - INFO - [main:114] - Status Update: Loading PI data from: A-FACTORY-01.json...
2025-04-06 22:12:21,092 - INFO - [main:221] - Successfully read JSON data from templates\A-FACTORY-01.json
2025-04-06 22:12:21,093 - INFO - [main:114] - Status Update: Parsing data from A-FACTORY-01.json...
2025-04-06 22:12:21,097 - INFO - [parser:23] - Raw data contains 23 pins, 22 links, 44 routes.
2025-04-06 22:12:21,098 - INFO - [parser:142] - Parsing complete. Found 23 valid pins, 22 valid links, 44 valid routes.
2025-04-06 22:12:21,098 - INFO - [parser:145] - Unknown Commodity IDs: [2272, 2306, 2310, 2400, 2401, 3683]
2025-04-06 22:12:21,098 - INFO - [main:249] - Successfully parsed data for A-FACTORY-01.json
2025-04-06 22:12:21,098 - INFO - [main:259] - Calling refresh_plot (initial render before potential ID resolution).
2025-04-06 22:12:21,098 - INFO - [main:348] - Rendering plot based on self.last_parsed data.
2025-04-06 22:12:21,508 - INFO - [main:273] - Resolving unknown commodities: [2272, 2306, 2310, 2400, 2401, 3683]
2025-04-06 22:12:23,361 - INFO - [main:114] - Status Update: Plot rendered with potential unknown IDs. Please resolve them for A-FACTORY-01.json.
2025-04-06 22:12:23,361 - INFO - [main:305] - Unknown IDs found for A-FACTORY-01.json. Resolution dialogs triggered.
2025-04-06 22:12:23,362 - INFO - [main:310] - --- Finished process_file for A-FACTORY-01.json ---
2025-04-06 22:23:10,262 - INFO - [main:389] - Starting PI Viewer Application.
2025-04-06 22:23:10,321 - INFO - [main:34] - Configuration loaded successfully from viewer/assets/config.json
2025-04-06 22:23:10,325 - INFO - [main:114] - Status Update: Application ready. Load a PI JSON file or select a template.
2025-04-06 22:23:12,653 - INFO - [main:195] - Processing template selection: A-FACTORY-02.json (templates\A-FACTORY-02.json)
2025-04-06 22:23:12,653 - INFO - [main:209] - --- Starting process_file ---
2025-04-06 22:23:12,653 - INFO - [main:210] -   Target path: templates\A-FACTORY-02.json
2025-04-06 22:23:12,653 - INFO - [main:211] -   Current self.current_file_path: templates\A-FACTORY-02.json
2025-04-06 22:23:12,653 - INFO - [main:114] - Status Update: Loading PI data from: A-FACTORY-02.json...
2025-04-06 22:23:12,660 - INFO - [main:221] - Successfully read JSON data from templates\A-FACTORY-02.json
2025-04-06 22:23:12,661 - INFO - [main:114] - Status Update: Parsing data from A-FACTORY-02.json...
2025-04-06 22:23:12,665 - INFO - [parser:23] - Raw data contains 23 pins, 22 links, 42 routes.
2025-04-06 22:23:12,666 - INFO - [parser:142] - Parsing complete. Found 23 valid pins, 22 valid links, 42 valid routes.
2025-04-06 22:23:12,666 - INFO - [parser:145] - Unknown Commodity IDs: [2073, 2268, 2288, 2393, 3645]
2025-04-06 22:23:12,666 - INFO - [main:249] - Successfully parsed data for A-FACTORY-02.json
2025-04-06 22:23:12,666 - INFO - [main:259] - Calling refresh_plot (initial render before potential ID resolution).
2025-04-06 22:23:12,667 - INFO - [main:348] - Rendering plot based on self.last_parsed data.
2025-04-06 22:23:13,056 - INFO - [main:273] - Resolving unknown commodities: [2073, 2268, 2288, 2393, 3645]
2025-04-06 22:23:18,200 - INFO - [main:114] - Status Update: Plot rendered with potential unknown IDs. Please resolve them for A-FACTORY-02.json.
2025-04-06 22:23:18,201 - INFO - [main:305] - Unknown IDs found for A-FACTORY-02.json. Resolution dialogs triggered.
2025-04-06 22:23:18,201 - INFO - [main:310] - --- Finished process_file for A-FACTORY-02.json ---
2025-04-06 22:24:47,791 - INFO - [main:389] - Starting PI Viewer Application.
2025-04-06 22:24:47,847 - INFO - [main:34] - Configuration loaded successfully from viewer/assets/config.json
2025-04-06 22:24:47,851 - INFO - [main:114] - Status Update: Application ready. Load a PI JSON file or select a template.
2025-04-06 22:24:50,442 - INFO - [main:195] - Processing template selection: A-FACTORY-02.json (templates\A-FACTORY-02.json)
2025-04-06 22:24:50,442 - INFO - [main:209] - --- Starting process_file ---
2025-04-06 22:24:50,443 - INFO - [main:210] -   Target path: templates\A-FACTORY-02.json
2025-04-06 22:24:50,443 - INFO - [main:211] -   Current self.current_file_path: templates\A-FACTORY-02.json
2025-04-06 22:24:50,443 - INFO - [main:114] - Status Update: Loading PI data from: A-FACTORY-02.json...
2025-04-06 22:24:50,449 - INFO - [main:221] - Successfully read JSON data from templates\A-FACTORY-02.json
2025-04-06 22:24:50,450 - INFO - [main:114] - Status Update: Parsing data from A-FACTORY-02.json...
2025-04-06 22:24:50,454 - INFO - [parser:23] - Raw data contains 23 pins, 22 links, 42 routes.
2025-04-06 22:24:50,455 - INFO - [parser:142] - Parsing complete. Found 23 valid pins, 22 valid links, 42 valid routes.
2025-04-06 22:24:50,455 - INFO - [parser:145] - Unknown Commodity IDs: [2073, 2268, 2288, 2393, 3645]
2025-04-06 22:24:50,455 - INFO - [main:249] - Successfully parsed data for A-FACTORY-02.json
2025-04-06 22:24:50,455 - INFO - [main:259] - Calling refresh_plot (initial render before potential ID resolution).
2025-04-06 22:24:50,455 - INFO - [main:348] - Rendering plot based on self.last_parsed data.
2025-04-06 22:24:50,857 - INFO - [main:273] - Resolving unknown commodities: [2073, 2268, 2288, 2393, 3645]
2025-04-06 22:24:55,796 - INFO - [main:114] - Status Update: Plot rendered with potential unknown IDs. Please resolve them for A-FACTORY-02.json.
2025-04-06 22:24:55,797 - INFO - [main:305] - Unknown IDs found for A-FACTORY-02.json. Resolution dialogs triggered.
2025-04-06 22:24:55,797 - INFO - [main:310] - --- Finished process_file for A-FACTORY-02.json ---
2025-04-06 22:24:56,488 - INFO - [main:195] - Processing template selection: A-FACTORY-01.json (templates\A-FACTORY-01.json)
2025-04-06 22:24:56,488 - INFO - [main:209] - --- Starting process_file ---
2025-04-06 22:24:56,488 - INFO - [main:210] -   Target path: templates\A-FACTORY-01.json
2025-04-06 22:24:56,488 - INFO - [main:211] -   Current self.current_file_path: templates\A-FACTORY-01.json
2025-04-06 22:24:56,488 - INFO - [main:114] - Status Update: Loading PI data from: A-FACTORY-01.json...
2025-04-06 22:24:56,490 - INFO - [main:221] - Successfully read JSON data from templates\A-FACTORY-01.json
2025-04-06 22:24:56,490 - INFO - [main:114] - Status Update: Parsing data from A-FACTORY-01.json...
2025-04-06 22:24:56,491 - INFO - [parser:23] - Raw data contains 23 pins, 22 links, 44 routes.
2025-04-06 22:24:56,491 - INFO - [parser:142] - Parsing complete. Found 23 valid pins, 22 valid links, 44 valid routes.
2025-04-06 22:24:56,491 - INFO - [parser:145] - Unknown Commodity IDs: [2272, 2306, 2310, 2400, 2401, 3683]
2025-04-06 22:24:56,492 - INFO - [main:249] - Successfully parsed data for A-FACTORY-01.json
2025-04-06 22:24:56,492 - INFO - [main:259] - Calling refresh_plot (initial render before potential ID resolution).
2025-04-06 22:24:56,492 - INFO - [main:348] - Rendering plot based on self.last_parsed data.
2025-04-06 22:24:56,851 - INFO - [main:273] - Resolving unknown commodities: [2272, 2306, 2310, 2400, 2401, 3683]
2025-04-06 22:24:58,650 - INFO - [main:114] - Status Update: Plot rendered with potential unknown IDs. Please resolve them for A-FACTORY-01.json.
2025-04-06 22:24:58,650 - INFO - [main:305] - Unknown IDs found for A-FACTORY-01.json. Resolution dialogs triggered.
2025-04-06 22:24:58,650 - INFO - [main:310] - --- Finished process_file for A-FACTORY-01.json ---
2025-04-06 22:25:54,922 - INFO - [main:389] - Starting PI Viewer Application.
2025-04-06 22:25:54,984 - INFO - [main:34] - Configuration loaded successfully from viewer/assets/config.json
2025-04-06 22:25:54,989 - INFO - [main:114] - Status Update: Application ready. Load a PI JSON file or select a template.
2025-04-06 22:25:58,247 - INFO - [main:195] - Processing template selection: A-FACTORY-02.json (templates\A-FACTORY-02.json)
2025-04-06 22:25:58,248 - INFO - [main:209] - --- Starting process_file ---
2025-04-06 22:25:58,248 - INFO - [main:210] -   Target path: templates\A-FACTORY-02.json
2025-04-06 22:25:58,248 - INFO - [main:211] -   Current self.current_file_path: templates\A-FACTORY-02.json
2025-04-06 22:25:58,248 - INFO - [main:114] - Status Update: Loading PI data from: A-FACTORY-02.json...
2025-04-06 22:25:58,254 - INFO - [main:221] - Successfully read JSON data from templates\A-FACTORY-02.json
2025-04-06 22:25:58,255 - INFO - [main:114] - Status Update: Parsing data from A-FACTORY-02.json...
2025-04-06 22:25:58,259 - INFO - [parser:23] - Raw data contains 23 pins, 22 links, 42 routes.
2025-04-06 22:25:58,260 - INFO - [parser:142] - Parsing complete. Found 23 valid pins, 22 valid links, 42 valid routes.
2025-04-06 22:25:58,260 - INFO - [parser:145] - Unknown Commodity IDs: [2073, 2268, 2288, 2393, 3645]
2025-04-06 22:25:58,260 - INFO - [main:249] - Successfully parsed data for A-FACTORY-02.json
2025-04-06 22:25:58,260 - INFO - [main:259] - Calling refresh_plot (initial render before potential ID resolution).
2025-04-06 22:25:58,260 - INFO - [main:348] - Rendering plot based on self.last_parsed data.
2025-04-06 22:25:58,654 - INFO - [main:273] - Resolving unknown commodities: [2073, 2268, 2288, 2393, 3645]
2025-04-06 22:26:05,280 - INFO - [main:114] - Status Update: Plot rendered with potential unknown IDs. Please resolve them for A-FACTORY-02.json.
2025-04-06 22:26:05,281 - INFO - [main:305] - Unknown IDs found for A-FACTORY-02.json. Resolution dialogs triggered.
2025-04-06 22:26:05,281 - INFO - [main:310] - --- Finished process_file for A-FACTORY-02.json ---
2025-04-06 22:35:20,686 - INFO - [main:389] - Starting PI Viewer Application.
2025-04-06 22:35:20,738 - INFO - [main:34] - Configuration loaded successfully from viewer/assets/config.json
2025-04-06 22:35:20,743 - INFO - [main:114] - Status Update: Application ready. Load a PI JSON file or select a template.
2025-04-06 22:35:23,105 - INFO - [main:195] - Processing template selection: A-FACTORY-03.json (templates\A-FACTORY-03.json)
2025-04-06 22:35:23,105 - INFO - [main:209] - --- Starting process_file ---
2025-04-06 22:35:23,105 - INFO - [main:210] -   Target path: templates\A-FACTORY-03.json
2025-04-06 22:35:23,105 - INFO - [main:211] -   Current self.current_file_path: templates\A-FACTORY-03.json
2025-04-06 22:35:23,105 - INFO - [main:114] - Status Update: Loading PI data from: A-FACTORY-03.json...
2025-04-06 22:35:23,112 - INFO - [main:221] - Successfully read JSON data from templates\A-FACTORY-03.json
2025-04-06 22:35:23,112 - INFO - [main:114] - Status Update: Parsing data from A-FACTORY-03.json...
2025-04-06 22:35:23,118 - INFO - [parser:23] - Raw data contains 23 pins, 22 links, 42 routes.
2025-04-06 22:35:23,119 - INFO - [parser:142] - Parsing complete. Found 23 valid pins, 22 valid links, 42 valid routes.
2025-04-06 22:35:23,119 - INFO - [parser:145] - Unknown Commodity IDs: [2267, 2287, 2309, 2390, 2395, 2398]
2025-04-06 22:35:23,119 - INFO - [main:249] - Successfully parsed data for A-FACTORY-03.json
2025-04-06 22:35:23,119 - INFO - [main:259] - Calling refresh_plot (initial render before potential ID resolution).
2025-04-06 22:35:23,119 - INFO - [main:348] - Rendering plot based on self.last_parsed data.
2025-04-06 22:35:23,503 - INFO - [main:273] - Resolving unknown commodities: [2267, 2287, 2309, 2390, 2395, 2398]
2025-04-06 22:35:26,932 - INFO - [main:114] - Status Update: Plot rendered with potential unknown IDs. Please resolve them for A-FACTORY-03.json.
2025-04-06 22:35:26,933 - INFO - [main:305] - Unknown IDs found for A-FACTORY-03.json. Resolution dialogs triggered.
2025-04-06 22:35:26,933 - INFO - [main:310] - --- Finished process_file for A-FACTORY-03.json ---
2025-04-06 22:41:34,438 - INFO - [main:389] - Starting PI Viewer Application.
2025-04-06 22:41:34,495 - INFO - [main:34] - Configuration loaded successfully from viewer/assets/config.json
2025-04-06 22:41:34,499 - INFO - [main:114] - Status Update: Application ready. Load a PI JSON file or select a template.
2025-04-06 22:41:36,784 - INFO - [main:195] - Processing template selection: A-FACTORY-03.json (templates\A-FACTORY-03.json)
2025-04-06 22:41:36,784 - INFO - [main:209] - --- Starting process_file ---
2025-04-06 22:41:36,784 - INFO - [main:210] -   Target path: templates\A-FACTORY-03.json
2025-04-06 22:41:36,784 - INFO - [main:211] -   Current self.current_file_path: templates\A-FACTORY-03.json
2025-04-06 22:41:36,784 - INFO - [main:114] - Status Update: Loading PI data from: A-FACTORY-03.json...
2025-04-06 22:41:36,790 - INFO - [main:221] - Successfully read JSON data from templates\A-FACTORY-03.json
2025-04-06 22:41:36,791 - INFO - [main:114] - Status Update: Parsing data from A-FACTORY-03.json...
2025-04-06 22:41:36,795 - INFO - [parser:23] - Raw data contains 23 pins, 22 links, 42 routes.
2025-04-06 22:41:36,796 - INFO - [parser:142] - Parsing complete. Found 23 valid pins, 22 valid links, 42 valid routes.
2025-04-06 22:41:36,796 - INFO - [parser:145] - Unknown Commodity IDs: [2267, 2287, 2309, 2390, 2395, 2398]
2025-04-06 22:41:36,796 - INFO - [main:249] - Successfully parsed data for A-FACTORY-03.json
2025-04-06 22:41:36,796 - INFO - [main:259] - Calling refresh_plot (initial render before potential ID resolution).
2025-04-06 22:41:36,796 - INFO - [main:348] - Rendering plot based on self.last_parsed data.
2025-04-06 22:41:37,202 - INFO - [main:273] - Resolving unknown commodities: [2267, 2287, 2309, 2390, 2395, 2398]
2025-04-06 22:41:40,313 - INFO - [main:114] - Status Update: Plot rendered with potential unknown IDs. Please resolve them for A-FACTORY-03.json.
2025-04-06 22:41:40,314 - INFO - [main:305] - Unknown IDs found for A-FACTORY-03.json. Resolution dialogs triggered.
2025-04-06 22:41:40,314 - INFO - [main:310] - --- Finished process_file for A-FACTORY-03.json ---
2025-04-06 22:43:37,796 - INFO - [main:389] - Starting PI Viewer Application.
2025-04-06 22:43:37,855 - INFO - [main:34] - Configuration loaded successfully from viewer/assets/config.json
2025-04-06 22:43:37,859 - INFO - [main:114] - Status Update: Application ready. Load a PI JSON file or select a template.
2025-04-06 22:43:40,488 - INFO - [main:195] - Processing template selection: A-FACTORY-02.json (templates\A-FACTORY-02.json)
2025-04-06 22:43:40,489 - INFO - [main:209] - --- Starting process_file ---
2025-04-06 22:43:40,489 - INFO - [main:210] -   Target path: templates\A-FACTORY-02.json
2025-04-06 22:43:40,489 - INFO - [main:211] -   Current self.current_file_path: templates\A-FACTORY-02.json
2025-04-06 22:43:40,489 - INFO - [main:114] - Status Update: Loading PI data from: A-FACTORY-02.json...
2025-04-06 22:43:40,495 - INFO - [main:221] - Successfully read JSON data from templates\A-FACTORY-02.json
2025-04-06 22:43:40,496 - INFO - [main:114] - Status Update: Parsing data from A-FACTORY-02.json...
2025-04-06 22:43:40,500 - INFO - [parser:23] - Raw data contains 23 pins, 22 links, 42 routes.
2025-04-06 22:43:40,500 - INFO - [parser:142] - Parsing complete. Found 23 valid pins, 22 valid links, 42 valid routes.
2025-04-06 22:43:40,501 - INFO - [parser:145] - Unknown Commodity IDs: [2073, 2268, 2288, 2393, 3645]
2025-04-06 22:43:40,501 - INFO - [main:249] - Successfully parsed data for A-FACTORY-02.json
2025-04-06 22:43:40,501 - INFO - [main:259] - Calling refresh_plot (initial render before potential ID resolution).
2025-04-06 22:43:40,501 - INFO - [main:348] - Rendering plot based on self.last_parsed data.
2025-04-06 22:43:40,896 - INFO - [main:273] - Resolving unknown commodities: [2073, 2268, 2288, 2393, 3645]
2025-04-06 22:43:43,816 - INFO - [main:114] - Status Update: Plot rendered with potential unknown IDs. Please resolve them for A-FACTORY-02.json.
2025-04-06 22:43:43,816 - INFO - [main:305] - Unknown IDs found for A-FACTORY-02.json. Resolution dialogs triggered.
2025-04-06 22:43:43,816 - INFO - [main:310] - --- Finished process_file for A-FACTORY-02.json ---
2025-04-06 22:44:32,514 - INFO - [main:389] - Starting PI Viewer Application.
2025-04-06 22:44:32,570 - INFO - [main:34] - Configuration loaded successfully from viewer/assets/config.json
2025-04-06 22:44:32,574 - INFO - [main:114] - Status Update: Application ready. Load a PI JSON file or select a template.
2025-04-06 22:44:34,123 - INFO - [main:195] - Processing template selection: A-FACTORY-03.json (templates\A-FACTORY-03.json)
2025-04-06 22:44:34,123 - INFO - [main:209] - --- Starting process_file ---
2025-04-06 22:44:34,123 - INFO - [main:210] -   Target path: templates\A-FACTORY-03.json
2025-04-06 22:44:34,124 - INFO - [main:211] -   Current self.current_file_path: templates\A-FACTORY-03.json
2025-04-06 22:44:34,124 - INFO - [main:114] - Status Update: Loading PI data from: A-FACTORY-03.json...
2025-04-06 22:44:34,131 - INFO - [main:221] - Successfully read JSON data from templates\A-FACTORY-03.json
2025-04-06 22:44:34,131 - INFO - [main:114] - Status Update: Parsing data from A-FACTORY-03.json...
2025-04-06 22:44:34,135 - INFO - [parser:23] - Raw data contains 23 pins, 22 links, 42 routes.
2025-04-06 22:44:34,136 - INFO - [parser:142] - Parsing complete. Found 23 valid pins, 22 valid links, 42 valid routes.
2025-04-06 22:44:34,137 - INFO - [parser:145] - Unknown Commodity IDs: [2267, 2287, 2309, 2390, 2395, 2398]
2025-04-06 22:44:34,137 - INFO - [main:249] - Successfully parsed data for A-FACTORY-03.json
2025-04-06 22:44:34,137 - INFO - [main:259] - Calling refresh_plot (initial render before potential ID resolution).
2025-04-06 22:44:34,137 - INFO - [main:348] - Rendering plot based on self.last_parsed data.
2025-04-06 22:44:34,546 - INFO - [main:273] - Resolving unknown commodities: [2267, 2287, 2309, 2390, 2395, 2398]
2025-04-06 22:44:37,504 - INFO - [main:114] - Status Update: Plot rendered with potential unknown IDs. Please resolve them for A-FACTORY-03.json.
2025-04-06 22:44:37,504 - INFO - [main:305] - Unknown IDs found for A-FACTORY-03.json. Resolution dialogs triggered.
2025-04-06 22:44:37,504 - INFO - [main:310] - --- Finished process_file for A-FACTORY-03.json ---
2025-04-06 22:44:56,042 - INFO - [main:389] - Starting PI Viewer Application.
2025-04-06 22:44:56,098 - INFO - [main:34] - Configuration loaded successfully from viewer/assets/config.json
2025-04-06 22:44:56,103 - INFO - [main:114] - Status Update: Application ready. Load a PI JSON file or select a template.
2025-04-06 22:44:58,255 - INFO - [main:195] - Processing template selection: A-FACTORY-03.json (templates\A-FACTORY-03.json)
2025-04-06 22:44:58,256 - INFO - [main:209] - --- Starting process_file ---
2025-04-06 22:44:58,256 - INFO - [main:210] -   Target path: templates\A-FACTORY-03.json
2025-04-06 22:44:58,256 - INFO - [main:211] -   Current self.current_file_path: templates\A-FACTORY-03.json
2025-04-06 22:44:58,256 - INFO - [main:114] - Status Update: Loading PI data from: A-FACTORY-03.json...
2025-04-06 22:44:58,262 - INFO - [main:221] - Successfully read JSON data from templates\A-FACTORY-03.json
2025-04-06 22:44:58,262 - INFO - [main:114] - Status Update: Parsing data from A-FACTORY-03.json...
2025-04-06 22:44:58,266 - INFO - [parser:23] - Raw data contains 23 pins, 22 links, 42 routes.
2025-04-06 22:44:58,267 - INFO - [parser:142] - Parsing complete. Found 23 valid pins, 22 valid links, 42 valid routes.
2025-04-06 22:44:58,267 - INFO - [parser:145] - Unknown Commodity IDs: [2267, 2287, 2309, 2390, 2395, 2398]
2025-04-06 22:44:58,267 - INFO - [main:249] - Successfully parsed data for A-FACTORY-03.json
2025-04-06 22:44:58,267 - INFO - [main:259] - Calling refresh_plot (initial render before potential ID resolution).
2025-04-06 22:44:58,267 - INFO - [main:348] - Rendering plot based on self.last_parsed data.
2025-04-06 22:44:58,674 - INFO - [main:273] - Resolving unknown commodities: [2267, 2287, 2309, 2390, 2395, 2398]
2025-04-06 22:45:02,178 - INFO - [main:114] - Status Update: Plot rendered with potential unknown IDs. Please resolve them for A-FACTORY-03.json.
2025-04-06 22:45:02,178 - INFO - [main:305] - Unknown IDs found for A-FACTORY-03.json. Resolution dialogs triggered.
2025-04-06 22:45:02,178 - INFO - [main:310] - --- Finished process_file for A-FACTORY-03.json ---
